<?xml version="1.0" encoding="UTF-8"?>
<!-- Generated by org.testng.reporters.JUnitReportReporter -->
<testsuite ignored="0" hostname="DESKTOP-UNR8SKM" failures="0" tests="1" name="NewTest" time="6.340" errors="0" timestamp="17 Oct 2021 14:23:06 GMT" skipped="0">
  <testcase classname="NewTest" name="f" time="6.340"/>
</testsuite> <!-- NewTest -->
